<?xml version="1.0" encoding="UTF-8"?>
<!-- Generated by org.testng.reporters.JUnitReportReporter -->
<testsuite hostname="LTIN514090" failures="0" tests="10" name="EMICalculator.Main" time="117.658" errors="0" timestamp="2025-04-10T14:36:24 IST" skipped="0">
  <testcase classname="EMICalculator.Main" name="calculateEMI" time="3.323"/>
  <testcase classname="EMICalculator.Main" name="calculateEMI" time="3.035"/>
  <testcase classname="EMICalculator.Main" name="HomeCalculator" time="34.931"/>
  <testcase classname="EMICalculator.Main" name="HomeCalculator" time="38.769"/>
  <testcase classname="EMICalculator.Main" name="LoanEMICalc" time="8.276"/>
  <testcase classname="EMICalculator.Main" name="LoanEMICalc" time="7.364"/>
  <testcase classname="EMICalculator.Main" name="LoanAmountCalc" time="5.543"/>
  <testcase classname="EMICalculator.Main" name="LoanAmountCalc" time="5.187"/>
  <testcase classname="EMICalculator.Main" name="LoanTentureCalc" time="5.924"/>
  <testcase classname="EMICalculator.Main" name="LoanTentureCalc" time="5.306"/>
</testsuite> <!-- EMICalculator.Main -->
