<?xml version="1.0" encoding="UTF-8"?>
<!-- Generated by org.testng.reporters.JUnitReportReporter -->
<testsuite hostname="LTIN592797" failures="0" tests="3" name="Snapdeal.Main1" time="39.810" errors="0" timestamp="2025-04-02T18:07:29 IST" skipped="0">
  <testcase classname="Snapdeal.Main1" name="testAutomationFlow3" time="22.513"/>
  <testcase classname="Snapdeal.Main1" name="testAutomationFlow1" time="14.589"/>
  <testcase classname="Snapdeal.Main1" name="testAutomationFlow2" time="2.708"/>
</testsuite> <!-- Snapdeal.Main1 -->
